1610141981132	geckodriver	INFO	Listening on 127.0.0.1:42979
1610141982124	mozrunner::runner	INFO	Running command: "/usr/bin/firefox" "--marionette" "-foreground" "-no-remote" "-profile" "/tmp/rust_mozprofilelFYAlQ"
console.warn: SearchSettings: "get: No settings file exists, new profile?" (new Error("", "(unknown module)"))
1610141986815	Marionette	INFO	Listening on port 43417
1610141986911	Marionette	WARN	TLS certificate errors will be ignored for this session
1610141994463	Marionette	INFO	Stopped listening on port 43417
1610142175420	geckodriver	INFO	Listening on 127.0.0.1:47857
1610142175424	mozrunner::runner	INFO	Running command: "/usr/bin/firefox" "--marionette" "-foreground" "-no-remote" "-profile" "/tmp/rust_mozprofileAAWgQ4"
console.warn: SearchSettings: "get: No settings file exists, new profile?" (new Error("", "(unknown module)"))
1610142180255	Marionette	INFO	Listening on port 33799
1610142180302	Marionette	WARN	TLS certificate errors will be ignored for this session
1610142198123	Marionette	INFO	Stopped listening on port 33799
1610142199335	geckodriver	INFO	Listening on 127.0.0.1:55685
1610142199339	mozrunner::runner	INFO	Running command: "/usr/bin/firefox" "--marionette" "-foreground" "-no-remote" "-profile" "/tmp/rust_mozprofile7TD8Ct"
console.warn: SearchSettings: "get: No settings file exists, new profile?" (new Error("", "(unknown module)"))
1610142203283	Marionette	INFO	Listening on port 38759
1610142203383	Marionette	WARN	TLS certificate errors will be ignored for this session
1610142234907	geckodriver	INFO	Listening on 127.0.0.1:37797
1610142234912	mozrunner::runner	INFO	Running command: "/usr/bin/firefox" "--marionette" "-foreground" "-no-remote" "-profile" "/tmp/rust_mozprofilebvFrkP"
console.warn: SearchSettings: "get: No settings file exists, new profile?" (new Error("", "(unknown module)"))
1610142240334	Marionette	INFO	Listening on port 40321
1610142240389	Marionette	WARN	TLS certificate errors will be ignored for this session
1610142269518	geckodriver	INFO	Listening on 127.0.0.1:37171
1610142269523	mozrunner::runner	INFO	Running command: "/usr/bin/firefox" "--marionette" "-foreground" "-no-remote" "-profile" "/tmp/rust_mozprofilep8hk8e"
console.warn: SearchSettings: "get: No settings file exists, new profile?" (new Error("", "(unknown module)"))
1610142275442	Marionette	INFO	Listening on port 45685
1610142275543	Marionette	WARN	TLS certificate errors will be ignored for this session
JavaScript error: , line 0: NotFoundError: No such JSWindowActor 'MarionetteEvents'
1610142331471	geckodriver	INFO	Listening on 127.0.0.1:44653
1610142331475	mozrunner::runner	INFO	Running command: "/usr/bin/firefox" "--marionette" "-foreground" "-no-remote" "-profile" "/tmp/rust_mozprofile3rBBtq"
console.warn: SearchSettings: "get: No settings file exists, new profile?" (new Error("", "(unknown module)"))
1610142337162	Marionette	INFO	Listening on port 44407
1610142337266	Marionette	WARN	TLS certificate errors will be ignored for this session
1610142344177	Marionette	INFO	Stopped listening on port 44407

###!!! [Parent][RunMessage] Error: Channel closing: too late to send/recv, messages will be lost

1610142348116	Marionette	INFO	Stopped listening on port 45685

###!!! [Parent][RunMessage] Error: Channel closing: too late to send/recv, messages will be lost

1610142350620	Marionette	INFO	Stopped listening on port 40321
1610142352606	Marionette	INFO	Stopped listening on port 38759
1610142558436	geckodriver	INFO	Listening on 127.0.0.1:47469
1610142559440	mozrunner::runner	INFO	Running command: "/usr/bin/firefox" "--marionette" "-foreground" "-no-remote" "-profile" "/tmp/rust_mozprofile6rqzQu"
console.warn: SearchSettings: "get: No settings file exists, new profile?" (new Error("", "(unknown module)"))
1610142563633	Marionette	INFO	Listening on port 36189
1610142563690	Marionette	WARN	TLS certificate errors will be ignored for this session
IPDL protocol error: Handler returned error code!

###!!! [Parent][DispatchAsyncMessage] Error: PMessagePort::Msg_PostMessages Processing error: message was deserialized, but the handler returned false (indicating failure)

IPDL protocol error: Handler returned error code!

###!!! [Parent][DispatchAsyncMessage] Error: PMessagePort::Msg_PostMessages Processing error: message was deserialized, but the handler returned false (indicating failure)

IPDL protocol error: Handler returned error code!

###!!! [Parent][DispatchAsyncMessage] Error: PMessagePort::Msg_PostMessages Processing error: message was deserialized, but the handler returned false (indicating failure)

1610142590124	Marionette	INFO	Stopped listening on port 36189

###!!! [Parent][RunMessage] Error: Channel closing: too late to send/recv, messages will be lost

1610142591052	geckodriver	INFO	Listening on 127.0.0.1:40635
1610142591056	mozrunner::runner	INFO	Running command: "/usr/bin/firefox" "--marionette" "-foreground" "-no-remote" "-profile" "/tmp/rust_mozprofilerJGxvW"
console.warn: SearchSettings: "get: No settings file exists, new profile?" (new Error("", "(unknown module)"))
1610142594741	Marionette	INFO	Listening on port 34773
1610142596241	Marionette	WARN	TLS certificate errors will be ignored for this session
1610142625072	geckodriver	INFO	Listening on 127.0.0.1:55037
1610142625079	mozrunner::runner	INFO	Running command: "/usr/bin/firefox" "--marionette" "-foreground" "-no-remote" "-profile" "/tmp/rust_mozprofile5bJF2O"
console.warn: SearchSettings: "get: No settings file exists, new profile?" (new Error("", "(unknown module)"))
JavaScript error: , line 0: QuotaExceededError: The current transaction exceeded its quota limitations.
console.error: (new Error("Error(s) encountered during statement execution: database or disk is full", "resource://gre/modules/Sqlite.jsm", 894))
JavaScript error: resource://gre/modules/Sqlite.jsm, line 894: Error: Error(s) encountered during statement execution: database or disk is full
JavaScript error: resource://gre/modules/Sqlite.jsm, line 894: Error: Error(s) encountered during statement execution: database or disk is full
JavaScript error: , line 0: uncaught exception: Object
JavaScript error: resource://gre/modules/PlacesUtils.jsm, line 1974: NS_ERROR_UNEXPECTED: Component returned failure code: 0x8000ffff (NS_ERROR_UNEXPECTED) [nsINavBookmarksService.tagsFolder]
JavaScript error: resource://gre/modules/NewTabUtils.jsm, line 1442: TypeError: conn is undefined
console.error: PushService: 
  stateChangeProcessEnqueue: Error transitioning state
  QuotaExceededError
JavaScript error: resource://gre/modules/NewTabUtils.jsm, line 1442: TypeError: conn is undefined
JavaScript error: resource://gre/modules/NewTabUtils.jsm, line 1442: TypeError: conn is undefined
JavaScript error: resource://gre/modules/NewTabUtils.jsm, line 1442: TypeError: conn is undefined
JavaScript error: , line 0: uncaught exception: Object
[ERROR fog_control] Failed to init FOG due to Error { kind: IoError(Os { code: 28, kind: Other, message: "No space left on device" }) }
console.log: "RemoteSettingsWorker error: QuotaExceededError: IndexedDB:  execute() The current transaction exceeded its quota limitations."
1610142629158	Marionette	INFO	Listening on port 39013
1610142629298	Marionette	WARN	TLS certificate errors will be ignored for this session
console.log: "RemoteSettingsWorker error: QuotaExceededError: IndexedDB:  execute() The current transaction exceeded its quota limitations."
console.warn: services.settings: main/message-groups sync already running
JavaScript error: , line 0: QuotaExceededError: The current transaction exceeded its quota limitations.
JavaScript error: resource://gre/modules/Sqlite.jsm, line 894: Error: Error(s) encountered during statement execution: database or disk is full
console.error: "Could not write session state file " (new Error("", "(unknown module)")) ""
console.error: (new Error("Error(s) encountered during statement execution: database or disk is full", "resource://gre/modules/Sqlite.jsm", 894))
JavaScript error: resource://gre/modules/Sqlite.jsm, line 894: Error: Error(s) encountered during statement execution: database or disk is full
JavaScript error: resource://gre/modules/Sqlite.jsm,JavaScript error: resource://gre/modules/NewTabUtils.jsm, line 1442: TypeError: conn is undefined
console.error: "Could not write session state file " (new Error("", "(unknown module)")) ""
console.error: "Could not write session state file " (new Error("", "(unknown module)")) ""
JavaScript error: , line 0: uncaught exception: Object
JavaScript error: , line 0: uncaught exception: Object
JavaScript error: , line 0: QuotaExceededError: The current transaction exceeded its quota limitations.
JavaScript error: , line 0: uncaught exception: Object
JavaScript error: , line 0: uncaught exception: Object
JavaScript error: , line 0: uncaught exception: Object
JavaScript error: resource://gre/modules/AsyncShutdown.jsm, line 573: uncaught exception: Object
JavaScript error: resource://gre/modules/AsyncShutdown.jsm, line 573: uncaught exception: Object
JavaScript error: resource://gre/modules/AsyncShutdown.jsm, line 573: uncaught exception: Object
1610142655695	Marionette	INFO	Stopped listening on port 39013
JavaScript error: , line 0: uncaught exception: Object
JavaScript error: , line 0: uncaught exception: Object
JavaScript error: , line 0: QuotaExceededError: The current transaction exceeded its quota limitations.
console.error: "Could not write session state file " (new Error("", "(unknown module)")) ""
JavaScript error: , line 0: uncaught exception: Object
JavaScript error: , line 0: uncaught exception: Object
JavaScript error: , line 0: uncaught exception: Object
JavaScript error: resource://gre/modules/AsyncShutdown.jsm, line 573: uncaught exception: Object
JavaScript error: resource://gre/modules/AsyncShutdown.jsm, line 573: uncaught exception: Object
1610142657377	Marionette	INFO	Stopped listening on port 34773
1610142670181	geckodriver	INFO	Listening on 127.0.0.1:58319
1610142709568	geckodriver	INFO	Listening on 127.0.0.1:52177
